irun: 14.10-p001: (c) Copyright 1995-2014 Cadence Design Systems, Inc.
TOOL:	irun	14.10-p001: Started on Mar 20, 2015 at 13:51:33 PDT
irun
	+access+r
	processor.v
	control_unit.v
	pc.v
	alu.v
	signext.v
	lshift.v
	adder.v
	gpr.v
	mux_2x1.v
	test.v
	-gui

-------------------------------------
Relinquished control to SimVision...
ncsim> 
ncsim> source /apps/cadence/INCISIV141/tools/inca/files/ncsimrc
ncsim> database -open waves -into waves.shm -default
Created default SHM database waves
ncsim> probe -create -shm tb_mips.Addr tb_mips.DataMem tb_mips.Din tb_mips.Dout tb_mips.Inst tb_mips.InstMem tb_mips.MemRead tb_mips.MemWrite tb_mips.PC tb_mips.clock tb_mips.mem_addr tb_mips.reset
Created probe 1
ncsim> run
Simulation complete via $finish(1) at time 5615 NS + 0
./test.v:107    #100 $finish;
ncsim> ^C
ncsim> exit
TOOL:	irun	14.10-p001: Exiting on Mar 20, 2015 at 14:17:47 PDT  (total: 00:26:14)
